<<<<<<< HEAD
<?xml version="1.0" encoding="UTF-8" ?>
=======
<?xml version="1.0" encoding="UTF-8" ?>
>>>>>>> bbcd825375333a929fceaad1e6de1dfe9dc01f50
<testsuite tests="1" failures="0" name="org.prayasyouthforum.lokesh.hibernate.AppTest" time="0.002" errors="0" skipped="0">
  <properties>
    <property name="java.runtime.name" value="Java(TM) SE Runtime Environment"/>
    <property name="sun.boot.library.path" value="F:\Apps\Java\jdk1.8.0_151\jre\bin"/>
    <property name="java.vm.version" value="25.151-b12"/>
    <property name="java.vm.vendor" value="Oracle Corporation"/>
    <property name="maven.multiModuleProjectDirectory" value="F:\sts-bundle\workspace\hibernate"/>
    <property name="java.vendor.url" value="http://java.oracle.com/"/>
    <property name="path.separator" value=";"/>
    <property name="guice.disable.misplaced.annotation.check" value="true"/>
    <property name="java.vm.name" value="Java HotSpot(TM) 64-Bit Server VM"/>
    <property name="file.encoding.pkg" value="sun.io"/>
    <property name="user.script" value=""/>
    <property name="user.country" value="US"/>
    <property name="sun.java.launcher" value="SUN_STANDARD"/>
    <property name="sun.os.patch.level" value=""/>
    <property name="java.vm.specification.name" value="Java Virtual Machine Specification"/>
    <property name="user.dir" value="F:\sts-bundle\workspace\hibernate"/>
    <property name="java.runtime.version" value="1.8.0_151-b12"/>
    <property name="java.awt.graphicsenv" value="sun.awt.Win32GraphicsEnvironment"/>
    <property name="java.endorsed.dirs" value="F:\Apps\Java\jdk1.8.0_151\jre\lib\endorsed"/>
    <property name="os.arch" value="amd64"/>
    <property name="java.io.tmpdir" value="C:\Users\Lokesh\AppData\Local\Temp\"/>
<<<<<<< HEAD
    <property name="line.separator" value="
=======
    <property name="line.separator" value="
>>>>>>> bbcd825375333a929fceaad1e6de1dfe9dc01f50
"/>
    <property name="java.vm.specification.vendor" value="Oracle Corporation"/>
    <property name="user.variant" value=""/>
    <property name="os.name" value="Windows 10"/>
<<<<<<< HEAD
    <property name="classworlds.conf" value="F:\sts-bundle\workspace\.metadata\.plugins\org.eclipse.m2e.launching\launches\m2conf6222232377436283532.tmp"/>
=======
    <property name="classworlds.conf" value="F:\sts-bundle\workspace\.metadata\.plugins\org.eclipse.m2e.launching\launches\m2conf2755488302743257207.tmp"/>
>>>>>>> bbcd825375333a929fceaad1e6de1dfe9dc01f50
    <property name="sun.jnu.encoding" value="Cp1252"/>
    <property name="java.library.path" value="F:\Apps\Java\jdk1.8.0_151\bin;C:\WINDOWS\Sun\Java\bin;C:\WINDOWS\system32;C:\WINDOWS;F:/Apps/Java/jre1.8.0_151/bin/server;F:/Apps/Java/jre1.8.0_151/bin;F:/Apps/Java/jre1.8.0_151/lib/amd64;C:\ProgramData\Oracle\Java\javapath;C:\WINDOWS\system32;C:\WINDOWS;C:\WINDOWS\System32\Wbem;C:\WINDOWS\System32\WindowsPowerShell\v1.0\;F:\apps\nodejs\;C:\apps\Git\cmd;C:\Program Files (x86)\Windows Kits\8.1\Windows Performance Toolkit\;F:\Apps\Java\jdk1.8.0_151;C:\Users\Lokesh\AppData\Local\Android\Sdk\platform-tools;C:\Users\Lokesh\AppData\Local\Android\Sdk\tools;C:\apps\TrtoiseGit\bin;C:\WINDOWS\System32\OpenSSH\;C:\Users\Lokesh\AppData\Roaming\npm;C:\Users\Lokesh\AppData\Local\Microsoft\WindowsApps;C:\Program Files\Microsoft VS Code\bin;;F:\sts-bundle\sts-3.9.4.RELEASE;;."/>
    <property name="java.specification.name" value="Java Platform API Specification"/>
    <property name="java.class.version" value="52.0"/>
    <property name="sun.management.compiler" value="HotSpot 64-Bit Tiered Compilers"/>
    <property name="os.version" value="10.0"/>
    <property name="user.home" value="C:\Users\Lokesh"/>
    <property name="user.timezone" value="Asia/Calcutta"/>
    <property name="java.awt.printerjob" value="sun.awt.windows.WPrinterJob"/>
    <property name="java.specification.version" value="1.8"/>
    <property name="file.encoding" value="Cp1252"/>
    <property name="user.name" value="Lokesh"/>
    <property name="java.class.path" value="F:\sts-bundle\sts-3.9.4.RELEASE\plugins\org.eclipse.m2e.maven.runtime_1.8.3.20180227-2135\jars\plexus-classworlds-2.5.2.jar"/>
    <property name="java.vm.specification.version" value="1.8"/>
    <property name="sun.arch.data.model" value="64"/>
    <property name="java.home" value="F:\Apps\Java\jdk1.8.0_151\jre"/>
    <property name="sun.java.command" value="org.codehaus.plexus.classworlds.launcher.Launcher -B install"/>
    <property name="java.specification.vendor" value="Oracle Corporation"/>
    <property name="user.language" value="en"/>
    <property name="awt.toolkit" value="sun.awt.windows.WToolkit"/>
    <property name="java.vm.info" value="mixed mode"/>
    <property name="java.version" value="1.8.0_151"/>
    <property name="java.ext.dirs" value="F:\Apps\Java\jdk1.8.0_151\jre\lib\ext;C:\WINDOWS\Sun\Java\lib\ext"/>
    <property name="sun.boot.class.path" value="F:\Apps\Java\jdk1.8.0_151\jre\lib\resources.jar;F:\Apps\Java\jdk1.8.0_151\jre\lib\rt.jar;F:\Apps\Java\jdk1.8.0_151\jre\lib\sunrsasign.jar;F:\Apps\Java\jdk1.8.0_151\jre\lib\jsse.jar;F:\Apps\Java\jdk1.8.0_151\jre\lib\jce.jar;F:\Apps\Java\jdk1.8.0_151\jre\lib\charsets.jar;F:\Apps\Java\jdk1.8.0_151\jre\lib\jfr.jar;F:\Apps\Java\jdk1.8.0_151\jre\classes"/>
    <property name="java.vendor" value="Oracle Corporation"/>
    <property name="maven.home" value="F:\sts-bundle\workspace\hibernate\EMBEDDED"/>
    <property name="file.separator" value="\"/>
    <property name="java.vendor.url.bug" value="http://bugreport.sun.com/bugreport/"/>
    <property name="sun.cpu.endian" value="little"/>
    <property name="sun.io.unicode.encoding" value="UnicodeLittle"/>
    <property name="sun.desktop" value="windows"/>
    <property name="sun.cpu.isalist" value="amd64"/>
  </properties>
  <testcase classname="org.prayasyouthforum.lokesh.hibernate.AppTest" name="testApp" time="0.002"/>
</testsuite>